# JRE version: Java(TM) SE Runtime Environment (8.0_91-b15) (build 1.8.0_91-b15)
# Java VM: Java HotSpot(TM) 64-Bit Server VM (25.91-b15 mixed mode windows-amd64 compressed oops)
Heap:
 PSYoungGen      total 654336K, used 224565K [0x00000000d5d00000, 0x00000000ffa80000, 0x0000000100000000)
  eden space 648192K, 33% used [0x00000000d5d00000,0x00000000e32535b8,0x00000000fd600000)
  from space 6144K, 99% used [0x00000000ff400000,0x00000000ff9f9f50,0x00000000ffa00000)
  to   space 512K, 0% used [0x00000000ffa00000,0x00000000ffa00000,0x00000000ffa80000)
 ParOldGen       total 88064K, used 23041K [0x0000000081600000, 0x0000000086c00000, 0x00000000d5d00000)
  object space 88064K, 26% used [0x0000000081600000,0x0000000082c805f0,0x0000000086c00000)
 Metaspace       used 49114K, capacity 50390K, committed 50600K, reserved 1093632K
  class space    used 5211K, capacity 5467K, committed 5552K, reserved 1048576K
GC Heap History (10 events):
Event: 26.005 GC heap before
{Heap before GC invocations=31 (full 2):
 PSYoungGen      total 685056K, used 680448K [0x00000000d5d00000, 0x0000000100000000, 0x0000000100000000)
  eden space 678912K, 100% used [0x00000000d5d00000,0x00000000ff400000,0x00000000ff400000)
  from space 6144K, 25% used [0x00000000ffa00000,0x00000000ffb80000,0x0000000100000000)
  to   space 6144K, 0% used [0x00000000ff400000,0x00000000ff400000,0x00000000ffa00000)
 ParOldGen       total 88064K, used 17758K [0x0000000081600000, 0x0000000086c00000, 0x00000000d5d00000)
  object space 88064K, 20% used [0x0000000081600000,0x0000000082757908,0x0000000086c00000)
 Metaspace       used 39757K, capacity 40352K, committed 40616K, reserved 1085440K
  class space    used 4304K, capacity 4452K, committed 4528K, reserved 1048576K
Event: 26.007 GC heap after
Heap after GC invocations=31 (full 2):
 PSYoungGen      total 685056K, used 1536K [0x00000000d5d00000, 0x0000000100000000, 0x0000000100000000)
  eden space 678912K, 0% used [0x00000000d5d00000,0x00000000d5d00000,0x00000000ff400000)
  from space 6144K, 25% used [0x00000000ff400000,0x00000000ff580000,0x00000000ffa00000)
  to   space 6144K, 0% used [0x00000000ffa00000,0x00000000ffa00000,0x0000000100000000)
 ParOldGen       total 88064K, used 17846K [0x0000000081600000, 0x0000000086c00000, 0x00000000d5d00000)
  object space 88064K, 20% used [0x0000000081600000,0x000000008276d908,0x0000000086c00000)
 Metaspace       used 39757K, capacity 40352K, committed 40616K, reserved 1085440K
  class space    used 4304K, capacity 4452K, committed 4528K, reserved 1048576K
}
Event: 27.102 GC heap before
{Heap before GC invocations=32 (full 2):
 PSYoungGen      total 685056K, used 680448K [0x00000000d5d00000, 0x0000000100000000, 0x0000000100000000)
  eden space 678912K, 100% used [0x00000000d5d00000,0x00000000ff400000,0x00000000ff400000)
  from space 6144K, 25% used [0x00000000ff400000,0x00000000ff580000,0x00000000ffa00000)
  to   space 6144K, 0% used [0x00000000ffa00000,0x00000000ffa00000,0x0000000100000000)
 ParOldGen       total 88064K, used 17846K [0x0000000081600000, 0x0000000086c00000, 0x00000000d5d00000)
  object space 88064K, 20% used [0x0000000081600000,0x000000008276d908,0x0000000086c00000)
 Metaspace       used 39758K, capacity 40352K, committed 40616K, reserved 1085440K
  class space    used 4304K, capacity 4452K, committed 4528K, reserved 1048576K
Event: 27.105 GC heap after
Heap after GC invocations=32 (full 2):
 PSYoungGen      total 685056K, used 1536K [0x00000000d5d00000, 0x0000000100000000, 0x0000000100000000)
  eden space 678912K, 0% used [0x00000000d5d00000,0x00000000d5d00000,0x00000000ff400000)
  from space 6144K, 25% used [0x00000000ffa00000,0x00000000ffb80000,0x0000000100000000)
  to   space 6144K, 0% used [0x00000000ff400000,0x00000000ff400000,0x00000000ffa00000)
 ParOldGen       total 88064K, used 17926K [0x0000000081600000, 0x0000000086c00000, 0x00000000d5d00000)
  object space 88064K, 20% used [0x0000000081600000,0x0000000082781908,0x0000000086c00000)
 Metaspace       used 39758K, capacity 40352K, committed 40616K, reserved 1085440K
  class space    used 4304K, capacity 4452K, committed 4528K, reserved 1048576K
}
Event: 28.187 GC heap before
{Heap before GC invocations=33 (full 2):
 PSYoungGen      total 685056K, used 680448K [0x00000000d5d00000, 0x0000000100000000, 0x0000000100000000)
  eden space 678912K, 100% used [0x00000000d5d00000,0x00000000ff400000,0x00000000ff400000)
  from space 6144K, 25% used [0x00000000ffa00000,0x00000000ffb80000,0x0000000100000000)
  to   space 6144K, 0% used [0x00000000ff400000,0x00000000ff400000,0x00000000ffa00000)
 ParOldGen       total 88064K, used 17926K [0x0000000081600000, 0x0000000086c00000, 0x00000000d5d00000)
  object space 88064K, 20% used [0x0000000081600000,0x0000000082781908,0x0000000086c00000)
 Metaspace       used 39760K, capacity 40352K, committed 40616K, reserved 1085440K
  class space    used 4304K, capacity 4452K, committed 4528K, reserved 1048576K
Event: 28.190 GC heap after
Heap after GC invocations=33 (full 2):
 PSYoungGen      total 685056K, used 1600K [0x00000000d5d00000, 0x0000000100000000, 0x0000000100000000)
  eden space 678912K, 0% used [0x00000000d5d00000,0x00000000d5d00000,0x00000000ff400000)
  from space 6144K, 26% used [0x00000000ff400000,0x00000000ff590000,0x00000000ffa00000)
  to   space 6144K, 0% used [0x00000000ffa00000,0x00000000ffa00000,0x0000000100000000)
 ParOldGen       total 88064K, used 18022K [0x0000000081600000, 0x0000000086c00000, 0x00000000d5d00000)
  object space 88064K, 20% used [0x0000000081600000,0x0000000082799908,0x0000000086c00000)
 Metaspace       used 39760K, capacity 40352K, committed 40616K, reserved 1085440K
  class space    used 4304K, capacity 4452K, committed 4528K, reserved 1048576K
}
Event: 30.608 GC heap before
{Heap before GC invocations=34 (full 2):
 PSYoungGen      total 685056K, used 680512K [0x00000000d5d00000, 0x0000000100000000, 0x0000000100000000)
  eden space 678912K, 100% used [0x00000000d5d00000,0x00000000ff400000,0x00000000ff400000)
  from space 6144K, 26% used [0x00000000ff400000,0x00000000ff590000,0x00000000ffa00000)
  to   space 6144K, 0% used [0x00000000ffa00000,0x00000000ffa00000,0x0000000100000000)
 ParOldGen       total 88064K, used 18022K [0x0000000081600000, 0x0000000086c00000, 0x00000000d5d00000)
  object space 88064K, 20% used [0x0000000081600000,0x0000000082799908,0x0000000086c00000)
 Metaspace       used 41372K, capacity 42050K, committed 42280K, reserved 1087488K
  class space    used 4462K, capacity 4623K, committed 4656K, reserved 1048576K
Event: 30.615 GC heap after
Heap after GC invocations=34 (full 2):
 PSYoungGen      total 685056K, used 4000K [0x00000000d5d00000, 0x0000000100000000, 0x0000000100000000)
  eden space 678912K, 0% used [0x00000000d5d00000,0x00000000d5d00000,0x00000000ff400000)
  from space 6144K, 65% used [0x00000000ffa00000,0x00000000ffde80b8,0x0000000100000000)
  to   space 6144K, 0% used [0x00000000ff400000,0x00000000ff400000,0x00000000ffa00000)
 ParOldGen       total 88064K, used 18062K [0x0000000081600000, 0x0000000086c00000, 0x00000000d5d00000)
  object space 88064K, 20% used [0x0000000081600000,0x00000000827a3908,0x0000000086c00000)
 Metaspace       used 41372K, capacity 42050K, committed 42280K, reserved 1087488K
  class space    used 4462K, capacity 4623K, committed 4656K, reserved 1048576K
}
Event: 1114.166 GC heap before
{Heap before GC invocations=35 (full 2):
 PSYoungGen      total 685056K, used 682912K [0x00000000d5d00000, 0x0000000100000000, 0x0000000100000000)
  eden space 678912K, 100% used [0x00000000d5d00000,0x00000000ff400000,0x00000000ff400000)
  from space 6144K, 65% used [0x00000000ffa00000,0x00000000ffde80b8,0x0000000100000000)
  to   space 6144K, 0% used [0x00000000ff400000,0x00000000ff400000,0x00000000ffa00000)
 ParOldGen       total 88064K, used 18062K [0x0000000081600000, 0x0000000086c00000, 0x00000000d5d00000)
  object space 88064K, 20% used [0x0000000081600000,0x00000000827a3908,0x0000000086c00000)
 Metaspace       used 48752K, capacity 49854K, committed 49960K, reserved 1093632K
  class space    used 5178K, capacity 5409K, committed 5424K, reserved 1048576K
Event: 1114.187 GC heap after
Heap after GC invocations=35 (full 2):
 PSYoungGen      total 654336K, used 6119K [0x00000000d5d00000, 0x00000000ffa80000, 0x0000000100000000)
  eden space 648192K, 0% used [0x00000000d5d00000,0x00000000d5d00000,0x00000000fd600000)
  from space 6144K, 99% used [0x00000000ff400000,0x00000000ff9f9f50,0x00000000ffa00000)
  to   space 512K, 0% used [0x00000000ffa00000,0x00000000ffa00000,0x00000000ffa80000)
 ParOldGen       total 88064K, used 23041K [0x0000000081600000, 0x0000000086c00000, 0x00000000d5d00000)
  object space 88064K, 26% used [0x0000000081600000,0x0000000082c805f0,0x0000000086c00000)
 Metaspace       used 48752K, capacity 49854K, committed 49960K, reserved 1093632K
  class space    used 5178K, capacity 5409K, committed 5424K, reserved 1048576K
}

